GC Precious Log:
 CardTable entry size: 512
 Card Set container configuration: InlinePtr #cards 4 size 8 Array Of Cards #cards 8 size 32 Howl #buckets 8 coarsen threshold 3686 Howl Bitmap #cards 512 size 80 coarsen threshold 460 Card regions per heap region 1 cards per card region 4096
 CPUs: 8 total, 8 available
 Memory: 16118M
 Large Page Support: Disabled
 NUMA Support: Disabled
 Compressed Oops: Enabled (Zero based)
 Heap Region Size: 2M
 Heap Min Capacity: 8M
 Heap Initial Capacity: 252M
 Heap Max Capacity: 4030M
 Pre-touch: Disabled
 Parallel Workers: 8
 Concurrent Workers: 2
 Concurrent Refinement Workers: 8
 Periodic GC: Disabled
Heap:
 garbage-first heap   total 59392K, used 39749K [0x0000000704200000, 0x0000000800000000)
  region size 2048K, 11 young (22528K), 2 survivors (4096K)
 Metaspace       used 58567K, committed 59200K, reserved 1114112K
  class space    used 7648K, committed 7936K, reserved 1048576K
GC Heap History (20 events):
Event: 1.072 GC heap before
{Heap before GC invocations=0 (full 0):
 garbage-first heap   total 258048K, used 20480K [0x0000000704200000, 0x0000000800000000)
  region size 2048K, 11 young (22528K), 0 survivors (0K)
 Metaspace       used 6431K, committed 6656K, reserved 1114112K
  class space    used 724K, committed 832K, reserved 1048576K
}
Event: 1.082 GC heap after
{Heap after GC invocations=1 (full 0):
 garbage-first heap   total 258048K, used 6578K [0x0000000704200000, 0x0000000800000000)
  region size 2048K, 2 young (4096K), 2 survivors (4096K)
 Metaspace       used 6431K, committed 6656K, reserved 1114112K
  class space    used 724K, committed 832K, reserved 1048576K
}
Event: 1.691 GC heap before
{Heap before GC invocations=1 (full 0):
 garbage-first heap   total 258048K, used 31154K [0x0000000704200000, 0x0000000800000000)
  region size 2048K, 15 young (30720K), 2 survivors (4096K)
 Metaspace       used 13653K, committed 13888K, reserved 1114112K
  class space    used 1575K, committed 1664K, reserved 1048576K
}
Event: 1.697 GC heap after
{Heap after GC invocations=2 (full 0):
 garbage-first heap   total 258048K, used 8502K [0x0000000704200000, 0x0000000800000000)
  region size 2048K, 2 young (4096K), 2 survivors (4096K)
 Metaspace       used 13653K, committed 13888K, reserved 1114112K
  class space    used 1575K, committed 1664K, reserved 1048576K
}
Event: 3.527 GC heap before
{Heap before GC invocations=2 (full 0):
 garbage-first heap   total 258048K, used 49462K [0x0000000704200000, 0x0000000800000000)
  region size 2048K, 24 young (49152K), 2 survivors (4096K)
 Metaspace       used 21180K, committed 21504K, reserved 1114112K
  class space    used 2523K, committed 2688K, reserved 1048576K
}
Event: 3.535 GC heap after
{Heap after GC invocations=3 (full 0):
 garbage-first heap   total 258048K, used 11599K [0x0000000704200000, 0x0000000800000000)
  region size 2048K, 3 young (6144K), 3 survivors (6144K)
 Metaspace       used 21180K, committed 21504K, reserved 1114112K
  class space    used 2523K, committed 2688K, reserved 1048576K
}
Event: 5.116 GC heap before
{Heap before GC invocations=4 (full 0):
 garbage-first heap   total 49152K, used 48463K [0x0000000704200000, 0x0000000800000000)
  region size 2048K, 21 young (43008K), 3 survivors (6144K)
 Metaspace       used 28805K, committed 29248K, reserved 1114112K
  class space    used 3520K, committed 3712K, reserved 1048576K
}
Event: 5.126 GC heap after
{Heap after GC invocations=5 (full 0):
 garbage-first heap   total 59392K, used 15417K [0x0000000704200000, 0x0000000800000000)
  region size 2048K, 5 young (10240K), 5 survivors (10240K)
 Metaspace       used 28805K, committed 29248K, reserved 1114112K
  class space    used 3520K, committed 3712K, reserved 1048576K
}
Event: 5.964 GC heap before
{Heap before GC invocations=5 (full 0):
 garbage-first heap   total 59392K, used 37945K [0x0000000704200000, 0x0000000800000000)
  region size 2048K, 17 young (34816K), 5 survivors (10240K)
 Metaspace       used 35506K, committed 35968K, reserved 1114112K
  class space    used 4437K, committed 4672K, reserved 1048576K
}
Event: 5.974 GC heap after
{Heap after GC invocations=6 (full 0):
 garbage-first heap   total 59392K, used 17265K [0x0000000704200000, 0x0000000800000000)
  region size 2048K, 2 young (4096K), 2 survivors (4096K)
 Metaspace       used 35506K, committed 35968K, reserved 1114112K
  class space    used 4437K, committed 4672K, reserved 1048576K
}
Event: 6.745 GC heap before
{Heap before GC invocations=7 (full 0):
 garbage-first heap   total 59392K, used 39793K [0x0000000704200000, 0x0000000800000000)
  region size 2048K, 13 young (26624K), 2 survivors (4096K)
 Metaspace       used 42367K, committed 42880K, reserved 1114112K
  class space    used 5446K, committed 5696K, reserved 1048576K
}
Event: 6.749 GC heap after
{Heap after GC invocations=8 (full 0):
 garbage-first heap   total 59392K, used 18948K [0x0000000704200000, 0x0000000800000000)
  region size 2048K, 2 young (4096K), 2 survivors (4096K)
 Metaspace       used 42367K, committed 42880K, reserved 1114112K
  class space    used 5446K, committed 5696K, reserved 1048576K
}
Event: 6.832 GC heap before
{Heap before GC invocations=8 (full 0):
 garbage-first heap   total 59392K, used 20996K [0x0000000704200000, 0x0000000800000000)
  region size 2048K, 3 young (6144K), 2 survivors (4096K)
 Metaspace       used 43392K, committed 43904K, reserved 1114112K
  class space    used 5563K, committed 5824K, reserved 1048576K
}
Event: 6.839 GC heap after
{Heap after GC invocations=9 (full 0):
 garbage-first heap   total 59392K, used 19065K [0x0000000704200000, 0x0000000800000000)
  region size 2048K, 1 young (2048K), 1 survivors (2048K)
 Metaspace       used 43392K, committed 43904K, reserved 1114112K
  class space    used 5563K, committed 5824K, reserved 1048576K
}
Event: 8.049 GC heap before
{Heap before GC invocations=9 (full 0):
 garbage-first heap   total 59392K, used 37497K [0x0000000704200000, 0x0000000800000000)
  region size 2048K, 11 young (22528K), 1 survivors (2048K)
 Metaspace       used 48517K, committed 49088K, reserved 1114112K
  class space    used 6338K, committed 6592K, reserved 1048576K
}
Event: 8.051 GC heap after
{Heap after GC invocations=10 (full 0):
 garbage-first heap   total 59392K, used 19962K [0x0000000704200000, 0x0000000800000000)
  region size 2048K, 1 young (2048K), 1 survivors (2048K)
 Metaspace       used 48517K, committed 49088K, reserved 1114112K
  class space    used 6338K, committed 6592K, reserved 1048576K
}
Event: 8.499 GC heap before
{Heap before GC invocations=10 (full 0):
 garbage-first heap   total 59392K, used 42490K [0x0000000704200000, 0x0000000800000000)
  region size 2048K, 12 young (24576K), 1 survivors (2048K)
 Metaspace       used 51486K, committed 52096K, reserved 1114112K
  class space    used 6724K, committed 7040K, reserved 1048576K
}
Event: 8.502 GC heap after
{Heap after GC invocations=11 (full 0):
 garbage-first heap   total 59392K, used 21315K [0x0000000704200000, 0x0000000800000000)
  region size 2048K, 2 young (4096K), 2 survivors (4096K)
 Metaspace       used 51486K, committed 52096K, reserved 1114112K
  class space    used 6724K, committed 7040K, reserved 1048576K
}
Event: 8.977 GC heap before
{Heap before GC invocations=11 (full 0):
 garbage-first heap   total 59392K, used 41795K [0x0000000704200000, 0x0000000800000000)
  region size 2048K, 12 young (24576K), 2 survivors (4096K)
 Metaspace       used 53738K, committed 54336K, reserved 1114112K
  class space    used 7016K, committed 7296K, reserved 1048576K
}
Event: 8.981 GC heap after
{Heap after GC invocations=12 (full 0):
 garbage-first heap   total 59392K, used 23365K [0x0000000704200000, 0x0000000800000000)
  region size 2048K, 2 young (4096K), 2 survivors (4096K)
 Metaspace       used 53738K, committed 54336K, reserved 1114112K
  class space    used 7016K, committed 7296K, reserved 1048576K
}

